				ArrivalTime ( 43467 )
				DepartTime ( 43467 )
				SkipCount ( 2 )
				DistanceDownPath ( 3869.84 )
				PlatformStartID ( 6467 )
				ArrivalTime ( 43863 )
				DepartTime ( 43863 )
				SkipCount ( 4 )
				DistanceDownPath ( 12284 )
				PlatformStartID ( 2391 )
				ArrivalTime ( 45166 )
				DepartTime ( 45166 )
				SkipCount ( 7 )
				DistanceDownPath ( 55987.8 )
				PlatformStartID ( 1789 )
				ArrivalTime ( 46364 )
				DepartTime ( 46364 )
				SkipCount ( 10 )
				DistanceDownPath ( 95608.2 )
				PlatformStartID ( 1794 )
				ArrivalTime ( 47902 )
				DepartTime ( 47902 )
				SkipCount ( 12 )
				DistanceDownPath ( 148434 )
				PlatformStartID ( 5401 )
				ArrivalTime ( 49229 )
				DepartTime ( 49229 )
				SkipCount ( 15 )
				DistanceDownPath ( 193050 )
				PlatformStartID ( 1778 )
				ArrivalTime ( 51284 )
				DepartTime ( 51284 )
				SkipCount ( 16 )
				DistanceDownPath ( 265992 )
				PlatformStartID ( 1787 )
				ArrivalTime ( 52800 )
				DepartTime ( 52800 )
				SkipCount ( 17 )
				DistanceDownPath ( 317951 )
				PlatformStartID ( 1506 )
				ArrivalTime ( 53773 )
				DepartTime ( 53773 )
				SkipCount ( 21 )
				DistanceDownPath ( 348812 )
				PlatformStartID ( 1447 )
				ArrivalTime ( 55343 )
				DepartTime ( 55343 )
				SkipCount ( 18 )
				DistanceDownPath ( 402898 )
				PlatformStartID ( 2963 )
				ArrivalTime ( 56545 )
				DepartTime ( 56545 )
				SkipCount ( 25 )
				DistanceDownPath ( 442673 )
				PlatformStartID ( 2958 )
				ArrivalTime ( 57463 )
				DepartTime ( 57463 )
				SkipCount ( 22 )
				DistanceDownPath ( 471379 )
				PlatformStartID ( 2972 )
				ArrivalTime ( 59739 )
				DepartTime ( 59739 )
				SkipCount ( 33 )
				DistanceDownPath ( 547466 )
				PlatformStartID ( 3490 )
				ArrivalTime ( 60965 )
				DepartTime ( 60965 )
				SkipCount ( 37 )
				DistanceDownPath ( 588181 )
				PlatformStartID ( 4705 )