
Speed: 71
Elev: 379m
00:19
00:19
Day: 2
Xing with 22639/M.G.R Chennai Central - Alappuzha SF Express | Daily
Xing with 12671/Nilgiri SF Express | Daily
MOLK Molakarampatti
#33.9
778.3 km
/==/
Zone: SR
Speed: 71
Elev: 377m
00:25
00:25
Day: 2
TPT Tirupattur
#33.10
783.2 km
/==/
Zone: SR
Speed: 71
Elev: 392m
00:29
00:29
Day: 2
XX-JTJC Jolarpettai Chord Cabin
#33.11
786.2 km
/==/
Zone: SR
Speed: 71
00:31
00:31
Day: 2
JTJ Jolarpettai Jn
#34
790.7 km
/==/
Zone: SR
PF# 2,5
Speed: 53
Elev: 400m
00:35
00:40
Day: 2
Xing with 16021/Kaveri Express | Daily
84.5 km
12 intermediate stations
01:35
KDY Kettandapatti
#34.1
797.9 km
/==/
Zone: SR
Speed: 53
Elev: 379m
00:48
00:48
Day: 2
Xing with 16220/Tirupati - Chamarajanagar Express | Daily
Xing with 12673/Cheran SF Express | Daily
Xing with 22651/MGR Chennai Central - Palakkad Jn. SF Express | Daily
VN Vaniyambadi
#34.2
806.9 km
/==/
Zone: SR
Speed: 53
Elev: 355m
00:58
00:58
Day: 2
Xing with 20601/MGR Chennai Central - Bodinayakkanur SF Express | Tue,Thu,Sat
VGM Vinnamangalam
#34.3
815.2 km
/==/
Zone: SR
Speed: 53
Elev: 340m
01:08
01:08
Day: 2
Xing with 12681/MGR Chennai Central - Coimbatore Weekly SF Express | Sun
AB Ambur
#34.4
823.0 km
/==/
Zone: SR
Speed: 53
Elev: 332m
01:16
01:16
Day: 2
Xing with 12657/MGR Chennai Central - KSR Bengaluru Mail | Daily
Overtaken by 12658/KSR Bengaluru - MGR Chennai Central Mail | Daily
PCKM Pachchakuppam
#34.5
829.0 km
/==/
Zone: SR
Speed: 53
Elev: 307m
01:23
01:23
Day: 2
Xing with 22649/Yercaud SF Express | Daily
MPI Melpatti
#34.6
834.7 km
/==/
Zone: SR
Speed: 53
Elev: 295m
01:30
01:30
Day: 2
VLT Valathoor
#34.7
840.7 km
/==/
Zone: SR
Speed: 53
Elev: 285m
01:36
01:36
Day: 2
Xing with 22645/Ahilya Nagari SF Express | Wed
Xing with 22647/Korba - Kochuveli SF Express | Mon,Fri
Xing with 12511/Gorakhpur - Kochuveli Rapti Sagar SF Express | Sun,Tue,Sat
MEH Melalathur
#34.8
845.7 km
/==/
Zone: SR
Speed: 53
Elev: 275m
01:42
01:42
Day: 2
Xing with 12521/Barauni - Ernakulam Rapti Sagar Express | Thu
Xing with 22682/MGR Chennai Central - Mysuru Weekly SF Express | Fri
GYM Gudiyattam
#34.9
850.6 km
/==/
Zone: SR
Speed: 53
Elev: 270m
01:47
01:47
Day: 2
Xing with 12691/MGR Chennai Central - Sri Sathya Sai Prashanthi Nilayam SF Express | Sat
Xing with 12292/MGR Chennai Central - Yesvantpur Weekly SF Express | Sun
Xing with 06091/MGR Chennai Central - Kottayam Special Fare SF Sabarimala Special | Mon
Xing with 06117/Chennai Egmore - Kottayam Special Fare Sabarimala Special | Tue
KVN Kavanur
#34.10
856.6 km
/==/
Zone: SR
Speed: 53
Elev: 251m
01:54
01:54
Day: 2
Xing with 13351/Dhanbad - Alappuzha Express | Daily
Xing with 11006/Puducherry - Dadar Central Express | Mon,Wed,Thu
VJ Virinchipuram
#34.11
863.2 km
/==/
Zone: SR
Speed: 53
Elev: 242m
02:02
02:02
Day: 2
LTI Latteri
#34.12
867.3 km
/==/
Zone: SR
Speed: 53
Elev: 237m
02:06
02:06
Day: 2
Xing with 17230/Sabari Express | Daily
KPD Katpadi Jn
#35
875.2 km
/==/
Zone: SR
PF# 4,5
Speed: 77
Elev: 215m
02:15
02:20
Day: 2
62.8 km
7 intermediate stations
00:49
BUM Bomma Samudram
#35.1
884.8 km
/--/
Zone: SCR
PF#: 1
Speed: 77
Elev: 243m
02:27
02:27
Day: 2
Xing with 12863/Howrah - SMVT Bengaluru SF Express | Daily
RAM Ramapuram
#35.2
890.9 km
/--/
Zone: SCR
Speed: 77
Elev: 283m
02:32
02:32
Day: 2
PYX Peyanapalli
#35.3
896.9 km
/--/
Zone: SCR
PF#: 1
Speed: 77
Elev: 300m
02:37
02:37
Day: 2
SIE Siddampalli
#35.4
900.2 km
/--/
Zone: SCR
PF#: 1
Speed: 77
Elev: 307m
02:40
02:40
Day: 2
CTO Chittoor
#35.5
908.0 km
/--/
Zone: SCR
Speed: 77
Elev: 305m
02:46
02:46
Day: 2
Xing with 12867/Howrah - Puducherry SF Express | Tue
MWL Muthirevula Halt
#35.6
915.5 km
/--/
Zone: SCR
PF#: 1
Speed: 77
Elev: 307m
02:51
02:51
Day: 2
PTT Putalapattu
#35.7
922.4 km
/--/
Zone: SCR
PF#: 1
Speed: 77
Elev: 313m
02:57
02:57
Day: 2
Xing with 12660/Gurudev SF Express | Fri
Xing with 12845/Bhubaneswar - SMVT Bengaluru SF Express | Mon
Xing with 07167/Hyderabad - Kottayam Special Fare Sabarimala Special (via Vijayawada) | Wed
Xing with 07141/Secunderabad - Kollam Special Fare Sabarimala Special (via Dhone) | Sat
PAK Pakala Jn
#36
938.0 km
/--/
Zone: SCR
PF# 1
Speed: 42
Elev: 371m
03:09
03:10
Day: 2
41.9 km
5 intermediate stations
01:00
PAM Panapakam
#36.1
950.1 km
/--/
Zone: SCR
PF#: 1
Speed: 42
Elev: 289m
03:27
03:27
Day: 2
Xing with 16353/Kacheguda - Nagercoil Weekly Express | Mon
MNPT Mungilipattu
#36.2
957.5 km
/--/
Zone: SCR
PF#: 1
Speed: 42
Elev: 254m
03:38
03:38
Day: 2
Xing with 16318/Himsagar Express | Thu
Xing with 16788/Shri Mata Vaishno Devi Katra - Tirunelveli Express | Sun
KEN Kotala
#36.3
965.0 km
/--/
Zone: SCR
Speed: 42
Elev: 216m
03:49
03:49
Day: 2
CGI Chandragiri
#36.4
968.0 km
/--/
Zone: SCR
PF#: 1
Speed: 42
Elev: 209m
03:53
03:53
Day: 2
TPW Tirupati West Halt
#36.5
978.2 km
/--/
Zone: SCR
PF#: 1
Speed: 42
Elev: 160m
04:08
04:08
Day: 2
TPTY Tirupati
#37
979.9 km
/==/
Zone: SCR
PF# 1
Speed: 24
Elev: 163m
04:10
04:15
Day: 2
Overtakes 17488/Tirumala Express | Daily
Xing with 12626/Kerala Express | Daily
Xing with 17247/Narasapur - Dharmavaram Express | Daily
Xing with 17488/Tirumala Express | Daily