				ArrivalTime ( 15000 )
				DepartTime ( 15300 )
				SkipCount ( 2 )
				DistanceDownPath ( 3869.84 )
				PlatformStartID ( 6467 )
				ArrivalTime ( 16800 )
				DepartTime ( 17100 )
				SkipCount ( 4 )
				DistanceDownPath ( 12284 )
				PlatformStartID ( 2391 )
				ArrivalTime ( 19140 )
				DepartTime ( 19200 )
				SkipCount ( 7 )
				DistanceDownPath ( 55987.8 )
				PlatformStartID ( 1789 )
				ArrivalTime ( 20640 )
				DepartTime ( 20700 )
				SkipCount ( 10 )
				DistanceDownPath ( 95608.2 )
				PlatformStartID ( 1794 )
				ArrivalTime ( 22980 )
				DepartTime ( 23100 )
				SkipCount ( 12 )
				DistanceDownPath ( 148434 )
				PlatformStartID ( 5401 )
				ArrivalTime ( 25140 )
				DepartTime ( 25200 )
				SkipCount ( 15 )
				DistanceDownPath ( 193050 )
				PlatformStartID ( 1778 )
				ArrivalTime ( 28740 )
				DepartTime ( 28800 )
				SkipCount ( 16 )
				DistanceDownPath ( 265992 )
				PlatformStartID ( 1787 )
				ArrivalTime ( 31440 )
				DepartTime ( 31500 )
				SkipCount ( 17 )
				DistanceDownPath ( 317951 )
				PlatformStartID ( 1506 )
				ArrivalTime ( 34200 )
				DepartTime ( 34800 )
				SkipCount ( 21 )
				DistanceDownPath ( 348812 )
				PlatformStartID ( 1447 )
				ArrivalTime ( 37740 )
				DepartTime ( 37800 )
				SkipCount ( 18 )
				DistanceDownPath ( 402898 )
				PlatformStartID ( 2963 )
				ArrivalTime ( 39840 )
				DepartTime ( 39900 )
				SkipCount ( 25 )
				DistanceDownPath ( 442673 )
				PlatformStartID ( 2958 )
				ArrivalTime ( 41280 )
				DepartTime ( 41400 )
				SkipCount ( 22 )
				DistanceDownPath ( 471379 )
				PlatformStartID ( 2972 )
				ArrivalTime ( 45840 )
				DepartTime ( 45900 )
				SkipCount ( 33 )
				DistanceDownPath ( 547466 )
				PlatformStartID ( 3490 )
				ArrivalTime ( 50700 )
				DepartTime ( 51000 )
				SkipCount ( 37 )
				DistanceDownPath ( 588181 )
				PlatformStartID ( 4705 )