37
/==/
TPTY
Tirupati
XO
04:10
-
04:15
-
5m
1
2
979.9
24
163m
SCR
Pin - 517501, Andhra Pradesh
1 intermediate stations
00:25
9.8
38
/==/
RU
Renigunta Jn
O
04:40
-
04:45
-
5m
2
2
989.7
72
115m
SCR
Pin- 517520, Andhra Pradesh
4 intermediate stations
00:34
40.9
39
/==/
KOU
Koduru
05:19
-
05:20
-
1m
2
2
1030.6
81
198m
SCR
Pin- 516101, Andhra Pradesh
4 intermediate stations
00:24
33.6
40
/==/
RJP
Razampeta
¶
05:44
-
05:45
-
1m
--
2
1064.2
80
145m
SCR
Pin- 516115, Andhra Pradesh
6 intermediate stations
00:38
51.0
41
/==/
HX
Kadapa Jn
06:23
-
06:25
-
2m
3
2
1115.1
69
137m
SCR
Pincode-516004 .[ Telephone Number-08562 244349 ], Andhra Pradesh
4 intermediate stations
00:34
39.3
42
/==/
YA
Yerraguntla Jn
06:59
-
07:00
-
1m
1
2
1154.5
70
 
SCR
Pincode-516309, Andhra Pradesh
8 intermediate stations
00:59
68.9
43
/==/
TU
Tadipatri
X
07:59
-
08:00
-
1m
2
2
1223.3
65
237m
SCR
District ; Anantapur. Pincode ; 515411., Andhra Pradesh
7 intermediate stations
00:44
48.0
44
/==/
GY
Gooty Jn
X
08:44
-
08:45
-
1m
2
2
1271.4
38
365m
SCR
Pin- 515402, Andhra Pradesh
3 intermediate stations
00:45
28.4
45
/==/
GTL
Guntakal Jn
09:30
-
09:40
-
10m
4,5
2
1299.8
64
451m
SCR
District: Anantapur. Pin: 515801. Tel: 08552 - 227131/32., Andhra Pradesh
6 intermediate stations
00:49
52.1
46
/==/
AD
Adoni
10:29
-
10:30
-
1m
3
2
1351.9
72
421m
SCR
Adoni - 518301 Tel; 08512-252368, Andhra Pradesh
4 intermediate stations
00:34
40.8
47
/==/
MALM
Mantralayam Road
11:04
-
11:05
-
1m
2
2
1392.7
75
332m
SCR
Kurnool dist. - 518349 [Tel: 08512-259830], Andhra Pradesh
3 intermediate stations
00:23
28.9
48
/==/
RC
Raichur Jn
X
11:28
-
11:30
-
2m
2
2
1421.5
56
407m
SCR
Raichur - 584101, Karnataka
8 intermediate stations
01:14
68.7
49
/==/
YG
Yadgir
X
12:44
-
12:45
-
1m
2
2
1490.2
29
365m
SCR
Yadgir - 585202, Karnataka
4 intermediate stations
01:20
38.9
50
/==/
WADI
Wadi Jn
14:05
-
14:10
-
5m
4
2
1529.1
53
428m
CR
Wadi - 585225, Karnataka