KCG Kacheguda
#1
0.0 km
/==/
Zone: SCR
PF# 2
Speed: 92
Elev: 489m

05:45
Day: 1
105.9 km
21 intermediate stations
01:09
MXT Malakpet
#1.1
1.6 km
/==/
Zone: SCR
Speed: 92
Elev: 493m
05:46
05:46
Day: 1
DQR Dabirpura
#1.2
2.8 km
/==/
Zone: SCR
Speed: 92
Elev: 499m
05:47
05:47
Day: 1
YKA Yakutpura
#1.3
3.6 km
/==/
Zone: SCR
Speed: 92
Elev: 503m
05:47
05:47
Day: 1
HPG Huppuguda
#1.4
6.0 km
/==/
Zone: SCR
Speed: 92
Elev: 519m
05:49
05:49
Day: 1
FM Falaknuma
#1.5
7.3 km
/==/
Zone: SCR
Speed: 92
Elev: 522m
05:50
05:50
Day: 1

NSVP NPA Shivram Pally
#1.6
12.0 km
/==/
Zone: SCR
Speed: 92
05:53
05:53
Day: 1
BDVL Budvel
#1.7
13.9 km
/==/
Zone: SCR
Speed: 92
Elev: 557m
05:54
05:54
Day: 1
Overtakes 17254/Secunderabad - Guntur Express | Sun,Mon,Tue,Thu,Fri,Sat
UR Umdanagar
#1.8
20.5 km
/==/
Zone: SCR
Speed: 92
Elev: 581m
05:58
05:58
Day: 1
Xing with 17251/Guntur - Kacheguda Express | Sun,Mon,Tue,Thu,Fri,Sat
JKTP Jukal
#1.9
32.2 km
/==/
Zone: SCR
Speed: 92
06:06
06:06
Day: 1
TMX Timmapur
#1.10
36.9 km
/==/
Zone: SCR
Speed: 92
Elev: 579m
06:09
06:09
Day: 1
KOTT Kottur
#1.11
39.1 km
/==/
Zone: SCR
PF#: 1
Speed: 92
Elev: 590m
06:11
06:11
Day: 1
HBLN HBL Nagar
#1.12
41.5 km
/==/
Zone: SCR
PF#: 1
Speed: 92
Elev: 606m
06:12
06:12
Day: 1
Xing with 17651/Chengalpattu - Kacheguda Express | Sun,Mon,Tue,Thu,Fri,Sat
SHNR Shadnagar
#1.13
51.8 km
/==/
Zone: SCR
Speed: 92
Elev: 650m
06:19
06:19
Day: 1
BRGL Burgula
#1.14
61.9 km
/==/
Zone: SCR
Speed: 92
06:25
06:25
Day: 1
BABR Balanagar
#1.15
65.4 km
/==/
Zone: SCR
Speed: 92
06:28
06:28
Day: 1
RRGA Ranga Reddy Guda
#1.16
70.8 km
/==/
Zone: SCR
Speed: 92
06:31
06:31
Day: 1
RJAP Rajapur
#1.17
75.9 km
/==/
Zone: SCR
Speed: 92
06:34
06:34
Day: 1
GLY Gollapalli
#1.18
80.7 km
/==/
Zone: SCR
Speed: 92
06:38
06:38
Day: 1
Xing with 12649/Karnataka Sampark Kranti Express (Via Ballari) | Sun,Mon,Tue,Thu,Sat
JCL Jadcherla
#1.19
88.2 km
/==/
Zone: SCR
Speed: 92
Elev: 539m
06:43
06:43
Day: 1
DTP Divitipalli
#1.20
96.0 km
/==/
Zone: SCR
Speed: 92
Elev: 515m
06:48
06:48
Day: 1
Xing with 07790/Mahbubnagar - Kacheguda MEMU Special | Sun,Mon,Tue,Thu,Fri,Sat
YNG Yenugonda
#1.21
101.8 km
/==/
Zone: SCR
PF#: 1
Speed: 92
Elev: 506m
06:51
06:51
Day: 1
MBNR Mahbubnagar
#2
105.9 km
/==/
Zone: SCR
PF# 2
Speed: 83
Elev: 509m
06:54
06:55
Day: 1
130.6 km
22 intermediate stations
01:34
MHBT Mahbubnagar Town Halt
#2.1
108.4 km
/--/
Zone: SCR
PF#: 1
Speed: 83
Elev: 502m
06:57
06:57
Day: 1
MQN Manyamkonda
#2.2
119.8 km
/--/
Zone: SCR
PF#: 1
Speed: 83
Elev: 422m
07:05
07:05
Day: 1
KTKA Kotakadra
#2.3
124.2 km
/--/
Zone: SCR
PF#: 1
Speed: 83
07:08
07:08
Day: 1
DKC Devarkadra Jn
#2.4
130.3 km
/--/
Zone: SCR
Speed: 83
07:13
07:13
Day: 1
Xing with 17028/Hundry Express | Sun,Mon,Tue,Thu,Fri,Sat
DKUR Dokur
#2.5
135.1 km
/--/
Zone: SCR
PF#: 1
Speed: 83
07:16
07:16
Day: 1
KQQ Kaukuntla
#2.6
140.9 km
/--/
Zone: SCR
PF#: 1
Speed: 83
07:20
07:20
Day: 1
KXI Kurumurthi
#2.7
146.1 km
/--/
Zone: SCR
PF#: 1
Speed: 83
07:24
07:24
Day: 1
PERR Perur
#2.8
148.8 km
/--/
Zone: SCR
Speed: 83
07:26
07:26
Day: 1
KONN Konnur
#2.9
154.3 km
/--/
Zone: SCR
PF#: 1
Speed: 83
07:30
07:30
Day: 1
WPR Wanaparti Road
#2.10
159.3 km
/--/
Zone: SCR
Speed: 83
07:33
07:33
Day: 1
Xing with 12647/Kongu SF Express | Mon
Xing with 12251/Wainganga SF Express | Sat
Xing with 22683/Yesvantpur - Lucknow SF Express (via Kacheguda) | Tue
Xing with 15024/Yesvantpur - Gorakhpur Express (Via Ayodhya Cantt) | Fri
AJK Ajjakolu
#2.11
165.4 km
/--/
Zone: SCR
PF#: 1
Speed: 83
07:38
07:38
Day: 1
SRNR Sriramnagar
#2.12
168.7 km
/--/
Zone: SCR
Speed: 83
07:40
07:40
Day: 1
ARPL Arepalli Halt
#2.13
173.3 km
/--/
Zone: SCR
PF#: 1
Speed: 83
07:44
07:44
Day: 1
GWD Gadwal Jn
#2.14
181.1 km
/--/
Zone: SCR
Speed: 83
07:49
07:49
Day: 1
Xing with 17436/Kurnool City - Kacheguda DEMU Express | Sun,Mon,Tue,Thu,Fri,Sat
PDO Poodoor
#2.15
189.2 km
/--/
Zone: SCR
PF#: 1
Speed: 83
07:55
07:55
Day: 1
PDNA Peddadinne
#2.16
195.8 km
/--/
Zone: SCR
PF#: 1
Speed: 83
08:00
08:00
Day: 1
IKI Itikyala
#2.17
199.4 km
/--/
Zone: SCR
PF#: 1
Speed: 83
08:02
08:02
Day: 1
VEML Vemula
#2.18
205.7 km
/--/
Zone: SCR
Speed: 83
08:07
08:07
Day: 1
MOA Manopad
#2.19
212.8 km
/--/
Zone: SCR
PF#: 1
Speed: 83
Elev: 310m
08:12
08:12
Day: 1
PUPU Pothulapadu
#2.20
221.7 km
/--/
Zone: SCR
Speed: 83
08:18
08:18
Day: 1
Xing with 22716/Madurai - Kacheguda Weekly Superfast Express | Mon
Xing with 16354/Nagercoil - Kacheguda Weekly Express | Sun
SBBJ Sri Bala Brahmeswara Jogulamba Halt
#2.21
226.7 km
/--/
Zone: SCR
PF#: 1
Speed: 83
Elev: 310m
08:22
08:22
Day: 1
ALPR Alampur Road
#2.22
229.1 km
/--/
Zone: SCR
PF#: 1
Speed: 83
Elev: 309m
08:24
08:24
Day: 1
Xing with 07671/Guntakal - Bodhan Passenger Special | Sun,Mon,Tue,Thu,Fri,Sat
KRNT Kurnool City
#3
236.4 km
/--/
Zone: SCR
PF# 2
Speed: 84
Elev: 288m
08:29
08:30
Day: 1
166.5 km
21 intermediate stations
01:59
KOLA Kotla
#3.1
238.9 km
/--/
Zone: SCR
PF#: 1
Speed: 84
Elev: 288m
08:32
08:32
Day: 1
Xing with 07498/Nandyal - Kurnool City DEMU Express Special | Sun,Mon,Tue,Thu,Fri,Sat
DUU Dupadu
#3.2
247.2 km
/--/
Zone: SCR
PF#: 1
Speed: 84
Elev: 310m
08:38
08:38
Day: 1
UKD Ulindakonda
#3.3
258.5 km
/--/
Zone: SCR
PF#: 1
Speed: 84
Elev: 330m
08:46
08:46
Day: 1
ALGU Allugundu
#3.4
264.0 km
/--/
Zone: SCR
Speed: 84
08:50
08:50
Day: 1
VDI Veldurti
#3.5
270.6 km
/--/
Zone: SCR
Speed: 84
Elev: 342m
08:54
08:54
Day: 1
BVO Bogolu
#3.6
280.5 km
/--/
Zone: SCR
PF#: 1
Speed: 84
Elev: 370m
09:02
09:02
Day: 1
DHNE Dhone Jn
#3.7
290.5 km
/==/
Zone: SCR
Speed: 84
09:09
09:09
Day: 1
Technical Halt
MYL Malliyala
#3.8
301.1 km
/==/
Zone: SCR
Speed: 84
Elev: 439m
09:16
09:16
Day: 1
LMD Linganenidoddi
#3.9
309.8 km
/==/
Zone: SCR
Speed: 84
Elev: 473m
09:22
09:22
Day: 1
PDL Pendekallu Jn
#3.10
316.4 km
/--/
Zone: SCR
Speed: 84
09:27
09:27
Day: 1
RLPL Rama Lingaya Palle
#3.11
326.1 km
/--/
Zone: SCR
Speed: 84
09:34
09:34
Day: 1
PGDI Pagidirai
#3.12
330.8 km
/--/
Zone: SCR
PF#: 1
Speed: 84
09:37
09:37
Day: 1
GY Gooty Jn
#3.13
345.8 km
/==/
Zone: SCR
Speed: 84
Elev: 365m
09:48
09:48
Day: 1
Xing with 22832/Sri Sathya Sai Prashanthi Nilayam - Howrah SF Express | Fri
GYJ Gooty Cabin
#3.14
348.1 km
/==/
Zone: SCR
Speed: 84
09:50
09:50
Day: 1
YY-GYB Gooty Bypass Cabin
#3.15
349.3 km
/==/
Zone: SCR
Speed: 84
09:51
09:51
Day: 1
Xing with 07694/Hindupur - Guntakal DEMU Special | Sun,Mon,Tue,Thu,Fri,Sat
TKPY Thurakapalli
#3.16
354.7 km
/==/
Zone: SCR
Speed: 84
09:54
09:54
Day: 1
RRJ Ramaraju Palli
#3.17
360.6 km
/==/
Zone: SCR
Speed: 84
Elev: 329m
09:59
09:59
Day: 1
PMD Pamidi
#3.18
367.7 km
/==/
Zone: SCR
Speed: 84
10:04
10:04
Day: 1
KLU Kalluru Jn
#3.19
375.3 km
/==/
Zone: SCR
Speed: 84
10:09
10:09
Day: 1
GDE Garladinne
#3.20
386.5 km
/==/
Zone: SCR
Speed: 84
Elev: 338m
10:17
10:17
Day: 1
TAC Taticherla
#3.21
395.5 km
/==/
Zone: SCR
Speed: 84
Elev: 343m
10:24
10:24
Day: 1
ATP Anantapur
#4
402.9 km
/==/
Zone: SCR
PF# 4
Speed: 48
Elev: 342m
10:29
10:32
Day: 1
33.3 km
3 intermediate stations
00:42
PSPY Prasannayana Palli
#4.1
406.4 km
/==/
Zone: SCR
PF#: 1
Speed: 48
Elev: 360m
10:36
10:36
Day: 1
ZPL Zangalapalle
#4.2
415.7 km
/==/
Zone: SCR
Speed: 48
Elev: 372m
10:48
10:48
Day: 1
CCA Chigicherla
#4.3
425.2 km
/==/
Zone: SCR
Speed: 48
Elev: 375m
11:00
11:00
Day: 1
DMM Dharmavaram Jn
#5
436.2 km
/==/
Zone: SCR
PF# 1
Speed: 64
Elev: 357m
11:14
11:15
Day: 1
Xing with 16614/Coimbatore - Rajkot Express | Fri
175.7 km
21 intermediate stations
02:45
NGM Nagasamudram
#5.1
451.2 km
%==%
Zone: SWR
PF#: 1
Speed: 64
Elev: 423m
11:29
11:29
Day: 1
MKJ Makkajipalli
#5.2
466.2 km
%==%
Zone: SWR
PF#: 1
Speed: 64
Elev: 491m
11:43
11:43
Day: 1
PKD Penukonda Jn
#5.3
478.3 km
/==/
Zone: SWR
Speed: 64
Elev: 547m
11:54
11:54
Day: 1
REPI Rangepalli
#5.4
489.5 km
/==/
Zone: SWR
Speed: 64
Elev: 633m
12:05
12:05
Day: 1
CPL Chakarlapalli
#5.5
492.6 km
/==/
Zone: SWR
PF#: 1
Speed: 64
Elev: 635m
12:08
12:08
Day: 1
MLU Malugur
#5.6
505.3 km
/==/
Zone: SWR
Speed: 64
Elev: 628m
12:20
12:20
Day: 1
HUP Hindupur
#5.7
515.8 km
/==/
Zone: SWR
Speed: 64
Elev: 628m
12:30
12:30
Day: 1
DPE Devarapalle
#5.8
526.5 km
/==/
Zone: SWR
Speed: 64
12:40
12:40
Day: 1
Xing with 19567/Tuticorin - Okha Vivek Express | Mon
VWA Viduraswattha
#5.9
533.0 km
/==/
Zone: SWR
Speed: 64
12:46
12:46
Day: 1
GBD Gauribidanur
#5.10
539.0 km
/==/
Zone: SWR
Speed: 64
Elev: 681m
12:52
12:52
Day: 1
SMWA Someshwara
#5.11
545.2 km
/==/
Zone: SWR
Speed: 64
12:57
12:57
Day: 1
TDV Thondebhavi
#5.12
552.0 km
/==/
Zone: SWR
Speed: 64
13:04
13:04
Day: 1
MKL Makalidurga
#5.13
561.0 km
/==/
Zone: SWR
Speed: 64
Elev: 847m
13:12
13:12
Day: 1
ORH Oddarahalli
#5.14
571.3 km
/==/
Zone: SWR
PF#: 1
Speed: 64
Elev: 904m
13:22
13:22
Day: 1
DBU Dodballapur
#5.15
578.8 km
/==/
Zone: SWR
Speed: 64
13:29
13:29
Day: 1
RNN Rajanukunte
#5.16
590.7 km
/==/
Zone: SWR
Speed: 64
Elev: 916m
13:40
13:40
Day: 1
RWF Rail Wheel Factory Siding
#5.17
598.7 km
/==/
Zone: SWR
Speed: 64
13:48
13:48
Day: 1
YNK Yelahanka Jn
#5.18
599.4 km
/==/
Zone: SWR
Speed: 64
Elev: 906m
13:48
13:48
Day: 1
KDGH Kodigehalli
#5.19
605.0 km
/==/
Zone: SWR
Speed: 64
Elev: 912m
13:53
13:53
Day: 1
LOGH Lottegollahalli
#5.20
607.7 km
%==%
Zone: SWR
Speed: 64
Elev: 906m
13:56
13:56
Day: 1
YPRA Yesvantpur A Cabin
#5.21
609.5 km
/==/
Zone: SWR
Speed: 64
13:58
13:58
Day: 1
YPR Yesvantpur Jn
#6
612.0 km
/==/
Zone: SWR
PF# 1

Elev: 915m
14:00

Day: 1
